page open!
14:18:42 【雄安概念股午后全线走低 太空板业领跌】雄安概念股午后全线走低，太空板业领跌。午后，雄安新区概念股全线走低，截止发稿，太空板业跌5.14%。青龙管业，博天环境等股跌超4%，回天新材，易华录，京汉股份，汉钟精机，荣盛发展，中持股份，津膜科技，中化岩土等股纷纷跟风下跌。
sending news
connected to mysql
create table error: failed to receive packet header: timeout: nil: nil.
 | success
sent
14:15:36 澳大利亚S&P/ASX 200指数收盘涨0.4%，报5750.10点。
sending news
connected to mysql
create table error: failed to receive packet header: timeout: nil: nil.
 | success
sent
14:13:38 【环保部：相关部门正抓紧起草环保税法实施条例 】环保部政策法规司司长别涛今日在环保部例行新闻发布会上表示，相关部门正在抓紧起草环保税法实施条例，三个部门发了贯彻实施的通知，要求各地方做好征税准备工作，要熟悉环保税法，排污费改为环保税，有些工作机制，需要环保部门和税务部门平行交接和移送，有很多要求。
sending news
connected to mysql
create table error: failed to receive packet header: timeout: nil: nil.
 | success
sent
14:12:14 上海临港股价上涨9.5%，成交量翻逾一倍。
sending news
connected to mysql
create table error: failed to receive packet header: timeout: nil: nil.
 | success
sent
14:11:56 【杭州市副市长姚峰：杭州市委市政府千方百计鼓励企业上市】2017上市公司价值投资·中国资产管理高峰论坛22日下午在杭州举行，杭州市委常委、副市长姚峰表示，金融是杭州重要的支柱产业，杭州市打造全球影响力的财富管理中心和新金融管理中心，杭州市委市政府千方百计鼓励企业上市，创造条件支持上市公司规范运作和做大做强。今年以来杭州市新增上市公司18家，创历史新高，并购重组43起。杭州市上市公司发展总体良好，信息技术、先进制造等产业已经形成了上市公司的产业集聚。
sending news
connected to mysql
OK
 | success
sent
14:05:48 【无人驾驶板块异动拉升 金固股份强势涨停】8月22日消息，无人驾驶板块异动拉升。截至发稿，金固股份强势涨停，亚太股份、万安科技、路畅科技、中原内配、数源科技、得润电子等个股均直线拉升。随着车联网的不断发展，无人驾驶汽车已经是大势所趋，即将慢慢走入人们的视野。据国内外权威专家预测，中国将成为世界无人驾驶汽车市场的中心。
sending news
connected to mysql
OK
 | success
sent
14:04:41 JT（日本烟草）统一收购菲律宾烟草公司Mighty corp的资产。
sending news
connected to mysql
OK
 | success
sent
14:03:02 日股东证指数收盘涨0.1%至1596.12点，日经225指数收盘几无变动报19383.84点。
sending news
connected to mysql
OK
 | success
sent
14:02:41 港股呷哺呷哺下跌5.7%，此前发布上半年业绩。
sending news
connected to mysql
OK
 | success
sent
14:01:09 【HTC虚拟现实头盔大降价 股价跳涨近10%】宏达国际电子（HTC）台湾上市股价周二跳涨近10%，此前该公司宣布，将其Vive虚拟现实头盔的售价下调200美元，至599美元。此次降价使Vive的价格与Facebook(167.78, 0.37, 0.22%)旗下Oculus的Rift头盔更加接近，后者今年已两次宣布降价，限时售价399美元。
sending news
connected to mysql
OK
 | success
sent
13:57:59 【有色金属板块表现抢眼 寒锐钴业等多股涨停】午后，有色金属板块表现抢眼。截至发稿，和胜股份、寒锐钴业、华友钴业、深圳新星、江粉磁材、正海磁材涨停，洛阳钼业、方大炭素、赣锋锂业涨逾6%。截至8月20日，沪深两市共有51家有色金属行业上市公司发布中期业绩报告，近九成公司净利润同比实现增长；15家上市公司发布三季度业绩预告，全部预喜。业内人士表示，在宏观经济稳中向好、环保督查趋严及供给侧结构性改革持续推进的背景下，有色金属价格有望持续上涨，看好有色板块下半年行情。
sending news
connected to mysql
OK
 | success
sent
13:52:45 【午后两市震荡跌涨不一 沪指微涨0.13%】8月22日消息，午后沪深两市跌涨不一，其中沪指依旧震荡上行，创指午后略显颓势，截止发稿，沪指报3291.21，涨0.13%，创指报1822.95，跌0.34%。从盘面上看，新材料、稀土、石油矿业居板块涨幅榜前列，白酒、可燃冰、国产软件居板块跌幅榜前列。
sending news
connected to mysql
OK
 | success
sent
13:47:23 台湾地区股市收盘升0.6%，至10392.07点。
sending news
connected to mysql
OK
 | success
sent
13:44:54 【方大炭素午后拉升涨近8% 带动周期股反弹】8月22日消息，方大炭素午后拉升，带动周期股反弹，截止发稿，方大炭素报32.76元，涨7.76%。消息面：方大炭素昨日晚间公布半年报，公司上半年实现净利润4.12亿元，同比增长2647%。与此同时，证金公司和社保基金退出前十大股东名单，汇金持股不变。
sending news
connected to mysql
OK
 | success
sent
13:44:28 【环保部：将会同证监会提高上市公司信息披露全面性 以便股民、公众判断环境风险】据环保部消息，环保部22日举行8月份例行新闻发布会，环保部政策法规司司长别涛称，存在因主观恶意违法情形等原因，而受到重大处罚的上市公司，必须履行环境信息披露义务。这方面工作正在加快推进过程中。下一步，将会同证监会，努力提高上市公司信息披露的规范性、全面性、可读性、完整性、有用性，以便于股民、公众准确判断上市公司环境风险。对于未及时按规定披露环境信息的，要依法依规督促、追责，并采取必要的处罚措施。
sending news
connected to mysql
OK
 | success
sent
13:39:57 【沪指午后持续低迷 白酒板块领跌】沪指午后表现低迷，维持震荡走势，截至发稿，沪指报3288.64点，涨幅0.05%，深成指报10683.01点，跌幅0.05%，创业板指报1823.70点，跌幅0.30%。盘面上，新材料、猪肉、稀土永磁等板块概念活跃；白酒、可燃冰、钢铁等概念板块跌幅居前。
sending news
connected to mysql
OK
 | success
sent
13:39:24 【魏桥纺织反驳Emerson Analytics负面报告：失实及毫无根据】港股魏桥纺织发布澄清公告，反驳Emerson Analytics Co. Ltd.负面报告中的不利指控，及驳斥破坏本公司股东对其业务及财务状况的信心之企图。负面报告指控，本公司与山东魏桥创业集团有限公司的现金流造成对本公司截至2016年12月31日止年度的财务报告完整性的巨大质疑并且魏桥创业一直在抢夺本公司之现金。本公司董事认为负面报告中的指控极具误导性、失实及毫无根据。
sending news
connected to mysql
OK
 | success
sent
13:31:49 【国统股份：如有可能将积极参与母公司混改】国统股份(002205)在投资者互动平台表示，母公司中国建材集团作为“混改”的试点是公司的荣誉，国统股份作为集团旗下的一员，将严格按照集团的决定，如有“混改”的可能，将积极参与。
sending news
connected to mysql
OK
 | success
sent
13:30:52 【361度：上半年营业额接近28亿元 同比增长9.5%】361度22日午间在港交所披露中期业绩公告，公司上半年营业额增加9.5%至27.98亿元；毛利增加11.8%至11.84亿元；权益持有人应占溢利增加16.5%至3.18亿元；毛利率上升0.9个百分点至42.3%。
sending news
connected to mysql
OK
 | success
sent
13:28:50 摩根大通：OPEC料难加大减产幅度，但或会延长减产时间；受形势不稳定影响，委内瑞拉石油产量或将继续下滑。
sending news
connected to mysql
OK
 | success
sent
2:21:05 PM CST: old news, break.
2:21:07 PM CST: old news, break.
2:21:09 PM CST: old news, break.
2:21:11 PM CST: old news, break.
2:21:13 PM CST: old news, break.
2:21:15 PM CST: old news, break.
2:21:17 PM CST: old news, break.
2:21:19 PM CST: old news, break.
2:21:21 PM CST: old news, break.
2:21:23 PM CST: old news, break.
2:21:25 PM CST: old news, break.
2:21:27 PM CST: old news, break.
2:21:29 PM CST: old news, break.
2:21:31 PM CST: old news, break.
2:21:33 PM CST: old news, break.
2:21:35 PM CST: old news, break.
2:21:37 PM CST: old news, break.
2:21:39 PM CST: old news, break.
2:21:41 PM CST: old news, break.
2:21:43 PM CST: old news, break.
2:21:46 PM CST: old news, break.
2:21:48 PM CST: old news, break.
2:21:50 PM CST: old news, break.
2:21:52 PM CST: old news, break.
2:21:54 PM CST: old news, break.
2:21:56 PM CST: old news, break.
2:21:58 PM CST: old news, break.
2:22:00 PM CST: old news, break.
2:22:02 PM CST: old news, break.
2:22:04 PM CST: old news, break.
2:22:06 PM CST: old news, break.
2:22:08 PM CST: old news, break.
2:22:10 PM CST: old news, break.
2:22:12 PM CST: old news, break.
2:22:14 PM CST: old news, break.
2:22:16 PM CST: old news, break.
2:22:18 PM CST: old news, break.
2:22:20 PM CST: old news, break.
2:22:22 PM CST: old news, break.
2:22:24 PM CST: old news, break.
2:22:27 PM CST: old news, break.
2:22:29 PM CST: old news, break.
2:22:31 PM CST: old news, break.
2:22:33 PM CST: old news, break.
2:22:35 PM CST: old news, break.
2:22:37 PM CST: old news, break.
2:22:39 PM CST: old news, break.
2:22:41 PM CST: old news, break.
2:22:43 PM CST: old news, break.
2:22:45 PM CST: old news, break.
2:22:47 PM CST: old news, break.
2:22:49 PM CST: old news, break.
2:22:51 PM CST: old news, break.
14:21:50 恒生国企指数涨幅扩大至2%。
sending news
connected to mysql
OK
 | success
sent
2:22:53 PM CST: old news, break.
2:22:55 PM CST: old news, break.
2:22:57 PM CST: old news, break.
2:22:59 PM CST: old news, break.
2:23:01 PM CST: old news, break.
2:23:04 PM CST: old news, break.
2:23:06 PM CST: old news, break.
2:23:08 PM CST: old news, break.
2:23:10 PM CST: old news, break.
2:23:12 PM CST: old news, break.
2:23:14 PM CST: old news, break.
2:23:16 PM CST: old news, break.
2:23:18 PM CST: old news, break.
2:23:20 PM CST: old news, break.
2:23:22 PM CST: old news, break.
2:23:24 PM CST: old news, break.
2:23:26 PM CST: old news, break.
2:23:28 PM CST: old news, break.
2:23:30 PM CST: old news, break.
2:23:32 PM CST: old news, break.
2:23:34 PM CST: old news, break.
2:23:36 PM CST: old news, break.
2:23:39 PM CST: old news, break.
2:23:41 PM CST: old news, break.
2:23:43 PM CST: old news, break.
2:23:45 PM CST: old news, break.
2:23:47 PM CST: old news, break.
2:23:49 PM CST: old news, break.
2:23:51 PM CST: old news, break.
2:23:53 PM CST: old news, break.
2:23:55 PM CST: old news, break.
2:23:57 PM CST: old news, break.
2:23:59 PM CST: old news, break.
2:24:01 PM CST: old news, break.
2:24:03 PM CST: old news, break.
2:24:05 PM CST: old news, break.
2:24:07 PM CST: old news, break.
2:24:09 PM CST: old news, break.
2:24:11 PM CST: old news, break.
2:24:13 PM CST: old news, break.
2:24:15 PM CST: old news, break.
2:24:17 PM CST: old news, break.
2:24:20 PM CST: old news, break.
2:24:22 PM CST: old news, break.
2:24:24 PM CST: old news, break.
2:24:26 PM CST: old news, break.
2:24:28 PM CST: old news, break.
2:24:30 PM CST: old news, break.
2:24:32 PM CST: old news, break.
2:24:34 PM CST: old news, break.
2:24:36 PM CST: old news, break.
2:24:38 PM CST: old news, break.
2:24:40 PM CST: old news, break.
2:24:42 PM CST: old news, break.
2:24:44 PM CST: old news, break.
2:24:46 PM CST: old news, break.
2:24:48 PM CST: old news, break.
2:24:50 PM CST: old news, break.
2:24:52 PM CST: old news, break.
2:24:54 PM CST: old news, break.
2:24:56 PM CST: old news, break.
2:24:58 PM CST: old news, break.
2:25:00 PM CST: old news, break.
2:25:02 PM CST: old news, break.
2:25:05 PM CST: old news, break.
2:25:07 PM CST: old news, break.
2:25:09 PM CST: old news, break.
2:25:11 PM CST: old news, break.
2:25:13 PM CST: old news, break.
2:25:15 PM CST: old news, break.
2:25:17 PM CST: old news, break.
2:25:19 PM CST: old news, break.
2:25:21 PM CST: old news, break.
2:25:23 PM CST: old news, break.
2:25:25 PM CST: old news, break.
2:25:27 PM CST: old news, break.
2:25:29 PM CST: old news, break.
2:25:31 PM CST: old news, break.
2:25:33 PM CST: old news, break.
2:25:35 PM CST: old news, break.
2:25:37 PM CST: old news, break.
2:25:39 PM CST: old news, break.
2:25:41 PM CST: old news, break.
2:25:43 PM CST: old news, break.
2:25:46 PM CST: old news, break.
2:25:48 PM CST: old news, break.
2:25:50 PM CST: old news, break.
2:25:52 PM CST: old news, break.
2:25:54 PM CST: old news, break.
2:25:56 PM CST: old news, break.
2:25:58 PM CST: old news, break.
2:26:00 PM CST: old news, break.
2:26:02 PM CST: old news, break.
2:26:04 PM CST: old news, break.
2:26:06 PM CST: old news, break.
2:26:08 PM CST: old news, break.
14:25:30 【徐明：投服中心将进一步加大参与上市公司治理力度】2017上市公司价值投资·中国资产管理高峰论坛22日在杭州举行，中证中小投资者服务中心总经理徐明表示，投服中心已经全面持有上市公司，采取各种形式参与到公司治理，有效保护中小投资人的合法权益。下一步投服中心将进一步加大参与上市公司治理力度，积极推动持股行权的广度和深度，探索新的模式，对上市公司治理当中普遍存在的问题，进行专项行权，积极探索通过公开征集方式行使提案等权利。
sending news
connected to mysql
OK
 | success
sent
2:26:10 PM CST: old news, break.
2:26:12 PM CST: old news, break.
2:26:14 PM CST: old news, break.
2:26:16 PM CST: old news, break.
2:26:18 PM CST: old news, break.
2:26:20 PM CST: old news, break.
2:26:23 PM CST: old news, break.
2:26:25 PM CST: old news, break.
2:26:27 PM CST: old news, break.
2:26:29 PM CST: old news, break.
2:26:31 PM CST: old news, break.
2:26:33 PM CST: old news, break.
2:26:35 PM CST: old news, break.
2:26:37 PM CST: old news, break.
2:26:39 PM CST: old news, break.
2:26:41 PM CST: old news, break.
2:26:43 PM CST: old news, break.
2:26:45 PM CST: old news, break.
2:26:47 PM CST: old news, break.
2:26:49 PM CST: old news, break.
2:26:51 PM CST: old news, break.
2:26:53 PM CST: old news, break.
2:26:55 PM CST: old news, break.
2:26:57 PM CST: old news, break.
2:26:59 PM CST: old news, break.
2:27:01 PM CST: old news, break.
2:27:03 PM CST: old news, break.
2:27:06 PM CST: old news, break.
2:27:08 PM CST: old news, break.
2:27:10 PM CST: old news, break.
2:27:12 PM CST: old news, break.
2:27:14 PM CST: old news, break.
2:27:16 PM CST: old news, break.
2:27:18 PM CST: old news, break.
2:27:20 PM CST: old news, break.
2:27:22 PM CST: old news, break.
2:27:24 PM CST: old news, break.
2:27:26 PM CST: old news, break.
2:27:28 PM CST: old news, break.
2:27:30 PM CST: old news, break.
2:27:32 PM CST: old news, break.
2:27:34 PM CST: old news, break.
2:27:36 PM CST: old news, break.
2:27:38 PM CST: old news, break.
2:27:40 PM CST: old news, break.
2:27:42 PM CST: old news, break.
2:27:44 PM CST: old news, break.
2:27:47 PM CST: old news, break.
2:27:49 PM CST: old news, break.
2:27:51 PM CST: old news, break.
2:27:53 PM CST: old news, break.
2:27:55 PM CST: old news, break.
2:27:57 PM CST: old news, break.
2:27:59 PM CST: old news, break.
2:28:01 PM CST: old news, break.
2:28:03 PM CST: old news, break.
2:28:05 PM CST: old news, break.
2:28:07 PM CST: old news, break.
2:28:09 PM CST: old news, break.
2:28:11 PM CST: old news, break.
2:28:13 PM CST: old news, break.
2:28:15 PM CST: old news, break.
2:28:17 PM CST: old news, break.
2:28:19 PM CST: old news, break.
2:28:21 PM CST: old news, break.
2:28:23 PM CST: old news, break.
2:28:25 PM CST: old news, break.
2:28:27 PM CST: old news, break.
2:28:30 PM CST: old news, break.
2:28:32 PM CST: old news, break.
2:28:34 PM CST: old news, break.
2:28:36 PM CST: old news, break.
2:28:38 PM CST: old news, break.
2:28:40 PM CST: old news, break.
2:28:42 PM CST: old news, break.
2:28:44 PM CST: old news, break.
2:28:46 PM CST: old news, break.
2:28:48 PM CST: old news, break.
2:28:50 PM CST: old news, break.
2:28:52 PM CST: old news, break.
2:28:54 PM CST: old news, break.
2:28:56 PM CST: old news, break.
2:28:58 PM CST: old news, break.
2:29:00 PM CST: old news, break.
2:29:02 PM CST: old news, break.
2:29:04 PM CST: old news, break.
2:29:06 PM CST: old news, break.
2:29:08 PM CST: old news, break.
2:29:11 PM CST: old news, break.
2:29:13 PM CST: old news, break.
2:29:15 PM CST: old news, break.
2:29:17 PM CST: old news, break.
2:29:19 PM CST: old news, break.
2:29:21 PM CST: old news, break.
2:29:23 PM CST: old news, break.
2:29:25 PM CST: old news, break.
2:29:27 PM CST: old news, break.
2:29:29 PM CST: old news, break.
2:29:31 PM CST: old news, break.
2:29:33 PM CST: old news, break.
2:29:35 PM CST: old news, break.
2:29:37 PM CST: old news, break.
2:29:39 PM CST: old news, break.
2:29:41 PM CST: old news, break.
2:29:43 PM CST: old news, break.
2:29:45 PM CST: old news, break.
2:29:47 PM CST: old news, break.
2:29:49 PM CST: old news, break.
2:29:51 PM CST: old news, break.
2:29:54 PM CST: old news, break.
2:29:56 PM CST: old news, break.
2:29:58 PM CST: old news, break.
2:30:00 PM CST: old news, break.
2:30:02 PM CST: old news, break.
2:30:04 PM CST: old news, break.
2:30:06 PM CST: old news, break.
2:30:08 PM CST: old news, break.
2:30:10 PM CST: old news, break.
2:30:12 PM CST: old news, break.
2:30:14 PM CST: old news, break.
2:30:16 PM CST: old news, break.
2:30:18 PM CST: old news, break.
2:30:20 PM CST: old news, break.
2:30:22 PM CST: old news, break.
2:30:24 PM CST: old news, break.
2:30:26 PM CST: old news, break.
2:30:28 PM CST: old news, break.
2:30:30 PM CST: old news, break.
2:30:32 PM CST: old news, break.
14:29:23 菲律宾比索兑美元涨0.4%，创6月2日以来最大涨幅。
sending news
connected to mysql
OK
 | success
sent
2:30:34 PM CST: old news, break.
2:30:37 PM CST: old news, break.
2:30:39 PM CST: old news, break.
2:30:41 PM CST: old news, break.
2:30:43 PM CST: old news, break.
2:30:45 PM CST: old news, break.
2:30:47 PM CST: old news, break.
2:30:49 PM CST: old news, break.
2:30:51 PM CST: old news, break.
2:30:53 PM CST: old news, break.
2:30:55 PM CST: old news, break.
2:30:57 PM CST: old news, break.
2:30:59 PM CST: old news, break.
2:31:01 PM CST: old news, break.
2:31:03 PM CST: old news, break.
2:31:05 PM CST: old news, break.
2:31:07 PM CST: old news, break.
2:31:09 PM CST: old news, break.
2:31:11 PM CST: old news, break.
2:31:13 PM CST: old news, break.
2:31:15 PM CST: old news, break.
2:31:17 PM CST: old news, break.
2:31:20 PM CST: old news, break.
2:31:22 PM CST: old news, break.
2:31:24 PM CST: old news, break.
2:31:26 PM CST: old news, break.
2:31:28 PM CST: old news, break.
2:31:30 PM CST: old news, break.
2:31:32 PM CST: old news, break.
2:31:34 PM CST: old news, break.
14:31:09 韩国股市综合股价指数收盘上涨0.45%。
sending news
connected to mysql
OK
 | success
sent
2:31:36 PM CST: old news, break.
2:31:38 PM CST: old news, break.
2:31:40 PM CST: old news, break.
14:29:23 菲律宾比索兑美元涨0.4%，创6月2日以来最大涨幅。
sending news
connected to mysql
OK
 | success
sent
14:25:30 【徐明：投服中心将进一步加大参与上市公司治理力度】2017上市公司价值投资·中国资产管理高峰论坛22日在杭州举行，中证中小投资者服务中心总经理徐明表示，投服中心已经全面持有上市公司，采取各种形式参与到公司治理，有效保护中小投资人的合法权益。下一步投服中心将进一步加大参与上市公司治理力度，积极推动持股行权的广度和深度，探索新的模式，对上市公司治理当中普遍存在的问题，进行专项行权，积极探索通过公开征集方式行使提案等权利。
sending news
connected to mysql
OK
 | success
sent
14:21:50 恒生国企指数涨幅扩大至2%。
sending news
connected to mysql
OK
 | success
sent
14:18:42 【雄安概念股午后全线走低 太空板业领跌】雄安概念股午后全线走低，太空板业领跌。午后，雄安新区概念股全线走低，截止发稿，太空板业跌5.14%。青龙管业，博天环境等股跌超4%，回天新材，易华录，京汉股份，汉钟精机，荣盛发展，中持股份，津膜科技，中化岩土等股纷纷跟风下跌。
sending news
connected to mysql
OK
 | success
sent
14:15:36 澳大利亚S&P/ASX 200指数收盘涨0.4%，报5750.10点。
sending news
connected to mysql
OK
 | success
sent
14:13:38 【环保部：相关部门正抓紧起草环保税法实施条例 】环保部政策法规司司长别涛今日在环保部例行新闻发布会上表示，相关部门正在抓紧起草环保税法实施条例，三个部门发了贯彻实施的通知，要求各地方做好征税准备工作，要熟悉环保税法，排污费改为环保税，有些工作机制，需要环保部门和税务部门平行交接和移送，有很多要求。
sending news
connected to mysql
OK
 | success
sent
14:12:14 上海临港股价上涨9.5%，成交量翻逾一倍。
sending news
connected to mysql
OK
 | success
sent
14:11:56 【杭州市副市长姚峰：杭州市委市政府千方百计鼓励企业上市】2017上市公司价值投资·中国资产管理高峰论坛22日下午在杭州举行，杭州市委常委、副市长姚峰表示，金融是杭州重要的支柱产业，杭州市打造全球影响力的财富管理中心和新金融管理中心，杭州市委市政府千方百计鼓励企业上市，创造条件支持上市公司规范运作和做大做强。今年以来杭州市新增上市公司18家，创历史新高，并购重组43起。杭州市上市公司发展总体良好，信息技术、先进制造等产业已经形成了上市公司的产业集聚。
sending news
connected to mysql
OK
 | success
sent
14:05:48 【无人驾驶板块异动拉升 金固股份强势涨停】8月22日消息，无人驾驶板块异动拉升。截至发稿，金固股份强势涨停，亚太股份、万安科技、路畅科技、中原内配、数源科技、得润电子等个股均直线拉升。随着车联网的不断发展，无人驾驶汽车已经是大势所趋，即将慢慢走入人们的视野。据国内外权威专家预测，中国将成为世界无人驾驶汽车市场的中心。
sending news
connected to mysql
OK
 | success
sent
14:04:41 JT（日本烟草）统一收购菲律宾烟草公司Mighty corp的资产。
sending news
connected to mysql
OK
 | success
sent
14:03:02 日股东证指数收盘涨0.1%至1596.12点，日经225指数收盘几无变动报19383.84点。
sending news
connected to mysql
OK
 | success
sent
14:02:41 港股呷哺呷哺下跌5.7%，此前发布上半年业绩。
sending news
connected to mysql
OK
 | success
sent
14:01:09 【HTC虚拟现实头盔大降价 股价跳涨近10%】宏达国际电子（HTC）台湾上市股价周二跳涨近10%，此前该公司宣布，将其Vive虚拟现实头盔的售价下调200美元，至599美元。此次降价使Vive的价格与Facebook(167.78, 0.37, 0.22%)旗下Oculus的Rift头盔更加接近，后者今年已两次宣布降价，限时售价399美元。
sending news
connected to mysql
OK
 | success
sent
13:57:59 【有色金属板块表现抢眼 寒锐钴业等多股涨停】午后，有色金属板块表现抢眼。截至发稿，和胜股份、寒锐钴业、华友钴业、深圳新星、江粉磁材、正海磁材涨停，洛阳钼业、方大炭素、赣锋锂业涨逾6%。截至8月20日，沪深两市共有51家有色金属行业上市公司发布中期业绩报告，近九成公司净利润同比实现增长；15家上市公司发布三季度业绩预告，全部预喜。业内人士表示，在宏观经济稳中向好、环保督查趋严及供给侧结构性改革持续推进的背景下，有色金属价格有望持续上涨，看好有色板块下半年行情。
sending news
connected to mysql
OK
 | success
sent
13:52:45 【午后两市震荡跌涨不一 沪指微涨0.13%】8月22日消息，午后沪深两市跌涨不一，其中沪指依旧震荡上行，创指午后略显颓势，截止发稿，沪指报3291.21，涨0.13%，创指报1822.95，跌0.34%。从盘面上看，新材料、稀土、石油矿业居板块涨幅榜前列，白酒、可燃冰、国产软件居板块跌幅榜前列。
sending news
connected to mysql
OK
 | success
sent
13:47:23 台湾地区股市收盘升0.6%，至10392.07点。
sending news
connected to mysql
OK
 | success
sent
13:44:54 【方大炭素午后拉升涨近8% 带动周期股反弹】8月22日消息，方大炭素午后拉升，带动周期股反弹，截止发稿，方大炭素报32.76元，涨7.76%。消息面：方大炭素昨日晚间公布半年报，公司上半年实现净利润4.12亿元，同比增长2647%。与此同时，证金公司和社保基金退出前十大股东名单，汇金持股不变。
sending news
connected to mysql
OK
 | success
sent
13:44:28 【环保部：将会同证监会提高上市公司信息披露全面性 以便股民、公众判断环境风险】据环保部消息，环保部22日举行8月份例行新闻发布会，环保部政策法规司司长别涛称，存在因主观恶意违法情形等原因，而受到重大处罚的上市公司，必须履行环境信息披露义务。这方面工作正在加快推进过程中。下一步，将会同证监会，努力提高上市公司信息披露的规范性、全面性、可读性、完整性、有用性，以便于股民、公众准确判断上市公司环境风险。对于未及时按规定披露环境信息的，要依法依规督促、追责，并采取必要的处罚措施。
sending news
connected to mysql
OK
 | success
sent
13:39:57 【沪指午后持续低迷 白酒板块领跌】沪指午后表现低迷，维持震荡走势，截至发稿，沪指报3288.64点，涨幅0.05%，深成指报10683.01点，跌幅0.05%，创业板指报1823.70点，跌幅0.30%。盘面上，新材料、猪肉、稀土永磁等板块概念活跃；白酒、可燃冰、钢铁等概念板块跌幅居前。
sending news
connected to mysql
OK
 | success
sent
13:39:24 【魏桥纺织反驳Emerson Analytics负面报告：失实及毫无根据】港股魏桥纺织发布澄清公告，反驳Emerson Analytics Co. Ltd.负面报告中的不利指控，及驳斥破坏本公司股东对其业务及财务状况的信心之企图。负面报告指控，本公司与山东魏桥创业集团有限公司的现金流造成对本公司截至2016年12月31日止年度的财务报告完整性的巨大质疑并且魏桥创业一直在抢夺本公司之现金。本公司董事认为负面报告中的指控极具误导性、失实及毫无根据。
sending news
connected to mysql
OK
 | success
sent
2:31:45 PM CST: old news, break.
2:31:47 PM CST: old news, break.
14:31:09 韩国股市综合股价指数收盘上涨0.45%。
sending news
connected to mysql
OK
 | success
sent
2:31:49 PM CST: old news, break.
2:31:51 PM CST: old news, break.
2:31:53 PM CST: old news, break.
2:31:55 PM CST: old news, break.
2:31:57 PM CST: old news, break.
2:31:59 PM CST: old news, break.
2:32:01 PM CST: old news, break.
2:32:03 PM CST: old news, break.
2:32:05 PM CST: old news, break.
2:32:07 PM CST: old news, break.
2:32:09 PM CST: old news, break.
2:32:12 PM CST: old news, break.
2:32:14 PM CST: old news, break.
2:32:16 PM CST: old news, break.
2:32:18 PM CST: old news, break.
2:32:20 PM CST: old news, break.
2:32:22 PM CST: old news, break.
2:32:24 PM CST: old news, break.
2:32:26 PM CST: old news, break.
2:32:28 PM CST: old news, break.
2:32:30 PM CST: old news, break.
2:32:32 PM CST: old news, break.
2:32:34 PM CST: old news, break.
2:32:36 PM CST: old news, break.
2:32:38 PM CST: old news, break.
2:32:40 PM CST: old news, break.
2:32:42 PM CST: old news, break.
2:32:44 PM CST: old news, break.
2:32:46 PM CST: old news, break.
2:32:48 PM CST: old news, break.
2:32:50 PM CST: old news, break.
2:32:53 PM CST: old news, break.
2:32:55 PM CST: old news, break.
2:32:57 PM CST: old news, break.
2:32:59 PM CST: old news, break.
2:33:01 PM CST: old news, break.
2:33:03 PM CST: old news, break.
2:33:05 PM CST: old news, break.
