page open!
openning news page.
news page opened.
14:21 恒生中国企业指数涨2%。
sending news
OO
sent
14:20 【氧化锆价格继续走高】据百川资讯，氧化锆价格今日上涨0.3万元/吨，较昨日上涨近7%。山东地区氧氯化锆全部停产，氧氯化锆无货，厂家暂时停止报价，厂家主要以生产老客户订单为主；受环保影响，原料片碱价格上行，原料紧张价格高位，氧化锆价格逐步走高。
sending news
OO
sent
14:19 【神州控股秦皇岛百亿打造“信息安全小镇”】22日，秦皇岛经济技术开发区管理委员会与神州数码控股有限公司签署战略合作协议。神州控股作为“秦皇岛信息安全小镇”项目的实施主体，负责组建项目工作小组，全面负责项目区域发展的投资、开发、建设、招商、运营、管理事宜，总投资额超百亿。
sending news
OO
sent
14:18 【杭州市副市长姚峰：杭州市委市政府千方百计鼓励企业上市】2017上市公司价值投资·中国资产管理高峰论坛22日下午在杭州举行，杭州市委常委、副市长姚峰表示，金融是杭州重要的支柱产业，杭州市打造全球影响力的财富管理中心和新金融管理中心，杭州市委市政府千方百计鼓励企业上市，创造条件支持上市公司规范运作和做大做强。今年以来杭州市新增上市公司18家，创历史新高，并购重组43起。杭州市上市公司发展总体良好，信息技术、先进制造等产业已经形成了上市公司的产业集聚。
sending news
OO
sent
14:13 特斯拉概念股集体拉升。截至发稿，上海临港强势涨停，天汽模、保隆科技、旭升股份、宜安科技、众业达、京山轻机等个股均有拉升表现。
sending news
OO
sent
14:12 【杭州市副市长：市委市政府千方百计鼓励企业上市】杭州市委常委、副市长姚峰表示，金融是杭州重要的支柱产业，杭州市打造全球影响力的财富管理中心和新金融管理中心，杭州市委市政府千方百计鼓励企业上市，创造条件支持上市公司规范运作和做大做强。今年以来杭州市新增上市公司18家，创历史新高，并购重组43起。杭州市上市公司发展总体良好，信息技术、先进制造等产业已经形成了上市公司的产业集聚。
sending news
OO
sent
14:05 创业板下挫，多股跌幅扩大。太空板业、新文化、朗科智能、网宿科技、汇纳科技、回天新材、赛为智能等跌幅明显。
sending news
OO
sent
14:02 【HTC虚拟现实头盔大降价 股价跳涨近10%】宏达国际电子（HTC）台湾上市股价周二跳涨近10%，此前该公司宣布，将其Vive虚拟现实头盔的售价下调200美元，至599美元。此次降价使Vive的价格与Facebook(167.78, 0.37, 0.22%)旗下Oculus的Rift头盔更加接近，后者今年已两次宣布降价，限时售价399美元。
sending news
OO
sent
14:00 日经225指数收盘跌0.05%，报19383.84点。
sending news
OO
sent
13:59 无人驾驶板块异动拉升。截至发稿，金固股份强势涨停，亚太股份、万安科技、路畅科技、中原内配、数源科技、得润电子等个股均直线拉升。
sending news
OO
sent
13:54 钢铁板块走强翻红。截至发稿，*ST华菱强势涨停，方大特钢、金洲管道、太钢不锈、宝钢股份、马钢股份等个股亦有上涨翻红。
sending news
OO
sent
13:49 【精准信息：向复兴号动车提供WiFi设备】精准信息在投资者互动平台上表示，复兴号上的WiFi设备由其提供。
sending news
OO
sent
13:44 硅铁期货主力午后拉升，涨幅扩大至5.3%。铁矿石、焦炭现涨逾3%，沪镍涨超2%。
sending news
OO
sent
13:44 【环保部：重点监控的160多家上市公司环境信息披露总体较好】环保部举行8月份例行新闻发布会，环保部表示，在沪深3000多家上市公司当中，属于环保部确定的国家重点监控企业的上市公司有160多家，这些公司近九成以上披露了环境信息，总体情况比较好，基本是满意的。
sending news
OO
sent
13:43 【环保部：推进臭氧和pm2.5协同控制 加快行业污染治理】环境保护部政策法规司司长别涛今日表示，环保部在继续将pm2.5作为大气污染治理首要任务的同时，将以加强NOx和VOCs排放控制为重点，扎实推进臭氧和pm2.5协同控制。将采取加快重点行业的污染治理，加快制定农药、涂料、医药、无组织逸散的排放标准等措施，有望在“十三五”期间初步遏制VOCs排放和臭氧污染上升趋势。
sending news
OO
sent
13:40 【方大炭素带动周期股集体反弹】方大炭素今日强势反弹，盘中一度涨超8%，振幅超15%，带动周期股集体反攻。鄂尔多斯涨超9%，洛阳钼业涨超7%，赣锋锂业、天齐锂业、厦门钨业、盛和资源、露天煤业纷纷跟风反弹拉升。
sending news
OO
sent
13:38 【魏桥纺织反驳Emerson Analytics负面报告：失实及毫无根据】港股魏桥纺织发布澄清公告，反驳Emerson Analytics Co. Ltd.负面报告中的不利指控，及驳斥破坏本公司股东对其业务及财务状况的信心之企图。负面报告指控，本公司与山东魏桥创业集团有限公司的现金流造成对本公司截至2016年12月31日止年度的财务报告完整性的巨大质疑并且魏桥创业一直在抢夺本公司之现金。本公司董事认为负面报告中的指控极具误导性、失实及毫无根据。
sending news
OO
sent
13:36 稀土板块午后拉升走强。截至发稿，江粉磁材、正海磁材强势涨停，银河磁体、诺德股份、厦门钨业、英洛华、盛和资源等个股跟随上涨。
sending news
OO
sent
13:33 【361度：上半年营业额接近28亿元 同比增长9.5%】361度22日午间在港交所披露中期业绩公告，公司上半年营业额增加9.5%至27.98亿元；毛利增加11.8%至11.84亿元；权益持有人应占溢利增加16.5%至3.18亿元；毛利率上升0.9个百分点至42.3%。
sending news
OO
sent
13:27 【国统股份：如有可能将积极参与母公司混改】8月22日，国统股份(002205)在投资者互动平台表示，母公司中国建材集团作为“混改”的试点是公司的荣誉，国统股份作为集团旗下的一员，将严格按照集团的决定，如有“混改”的可能，将积极参与。
sending news
OO
sent
13:24 【环保部：将会同证监会提高上市公司信息披露全面性】环保部举行8月份例行新闻发布会，政策法规司司长别涛称，存在因主观恶意违法情形等原因，而受到重大处罚的上市公司，必须履行环境信息披露义务。这方面工作正在加快推进过程中。将会同证监会，努力提高上市公司信息披露的规范性、全面性、可读性、完整性、有用性，以便于股民、公众准确判断上市公司环境风险。对于未及时按规定披露环境信息的，要依法依规督促、追责，并采取必要的处罚措施。
sending news
OO
sent
13:22 【陕西水利水电工程集团签约肯尼亚5亿元项目】陕西水利水电工程集团近日在肯尼亚签署了一项协议，与肯尼亚Karemenu水库及相关灌溉基础设施项目在肯尼亚首都内罗毕成功签约。据悉，Karemenu水库项目位于肯尼亚尼耶利西北部，距肯尼亚首都内罗毕约154公里，项目主要包含Karemenu大坝及灌溉基础设施的设计、采购及施工任务。项目造价约为7500万美元（折合人民币约5.14亿元）。
sending news
OO
sent
13:19 【川港签约26个项目 金额超200亿美元】由四川省人民政府主办、外交部驻香港特派员公署支持的川港澳合作周在香港举行。会上举行了集体签约仪式，共双向投资和川港经贸合作项目26个，签约金额204亿美元。其中，投资四川项目17个，投资金额183亿美元,涵盖综合开发、农业、文旅、卫生、制造业、教育、金融、能源等行业。
sending news
OO
sent
13:19 【金砖国家领导人厦门会晤碳中和项目 启动确保“零碳排放”】22日上午，2017年金砖国家领导人厦门会晤碳中和项目启动仪式在厦门举行。该项目将以植树造林的方式，中和厦门会晤期间因交通、餐饮、住宿等产生的二氧化碳，实现零排放目标，这也将是金砖国家领导人会晤历史上第一次实现“零碳排放”。（新华社）
sending news
OO
sent
13:09 【全球首辆水氢燃料车诞生 续航里程可达1000公里】8月21日，全球首辆水氢燃料汽车青年汽车诞生仪式在青年汽车集团总部举行，将是新能源汽车的一次颠覆性的革命创新。 据了解，来自哥斯达黎加的华人客户此次签订的2000辆只是首批订单，将出口至中美洲国家尼加拉瓜。而尼加拉瓜只是该客户市场覆盖范围内的13个国家之一。
sending news
OO
sent
13:05 SOHO中国在香港一度上涨8.1%，为3月23日以来最大涨幅。公司上半年净利润约39.82亿元，同比大增5.65倍。
sending news
OO
sent
13:04 港股中国建筑国际午后直线下挫，现跌5.4%。此前公司公告称计划通过供股筹资63.6亿港元。
sending news
OO
sent
13:04 【原材料价格大涨 中国传统企业信用债成热门商品】据彭博社报道，从2015年年底以来因为去产能和减排而背负压力的煤炭、金属企业终于迎来一丝曙光，原材料价格大涨为他们的盈利添砖加瓦，他们的信用债也摇身一变成了热门商品。在一年前因为让债券投资者亏钱而不受市场待见的他们已现转机。煤企债券价格过去六个月上涨5.74%，在中国表现仅次于电子企业债券。钢铁企业债券上涨5.5%，排名第三。这些企业都在增加债券供应以满足需求，其中，本季度发行了410亿元人民币（62亿美元）评级为AAA的境内债券。
sending news
OO
sent
12:51 海外比特币交易平台Bitstamp报价显示，比特币价格一度跌破3700美元关口，最低报3665.57美元。
sending news
OO
sent
12:39 富力地产称将继续推进A股上市进程，在满足和符合境内A股上市要求方面继续保持信心。
sending news
OO
sent
12:31 【碧桂园上半年净利75亿元 同比增长39.2%】碧桂园于港交所公告称，上半年实现总收入约为777.4亿元，同比增长约35.5%。股东应占利润约为75.0亿元，同比增长39.2%。共实现合同销售金额约2889.1亿元，合同销售面积约3226万平方米，同比分别显著增长131.0%和106.3%。中期派息15.02分。
sending news
OO
sent
12:16 必和必拓CEO：已确定美国页岩业务并非核心业务，正在积极考虑退出可能。
sending news
OO
sent
12:08 【SOHO中国上半年净利润近40亿元】SOHO中国于港交所公告称，上半年实现营业额约人民币10.70亿元，同比上升约47%；净利润39.8亿元，上年同期为5.99亿元，主要由于本期间录得更高的投资物业增值。董事会建议宣派和派发每股为0.346元的特别股息。
sending news
OO
sent
12:08 【富力地产净利微增 继续推进A股上市进程】富力地产于港交所公告称，上半年营收204亿元，纯利增加2%至24.8亿元。核心利润增加22%至20.5亿元。中期股息每股0.33元。继续推进A股上市进程，在满足和符合境内A股上市要求方面继续保持信心。
sending news
OO
sent
12:03 香港恒生指数上午收盘上涨1%，报27437.76点。
sending news
OO
sent
11:58 【午间公告】
通达股份：控股股东马红菊所持2200万股解除质押，占其所持股份比例的29.71%。
海思科：子公司与莹硕生技签订硝苯地平控释片、盐酸坦索罗辛口崩缓释片、帕利哌酮缓释片等药品开发合作协议，双方拟在中国大陆地区合作由海思科注册申请、生产及销售上述药品。
sending news
OO
sent
11:57 【车企1至7月销量排名上汽登榜首】中汽协统计网最新披露显示，上汽集团、上汽大众、东风汽车分别位居今年1至7月汽车销售、乘用车销售、商用车销售排行榜榜首。
sending news
OO
sent
11:56 【中国石化：丁山地区页岩气勘探取得重要发现】据中国石化官网22日消息，8月15日，勘探分公司重点探井丁页4井试获页岩气最高日产20.56万立方米，取得丁山构造页岩气勘探重要发现。丁页4井突破商业气流关，证实丁山构造中深层为页岩气高产富集带，中国石化页岩气再添新阵地。同时，为深层页岩气勘探开发积累了技术经验。
sending news
OO
sent
11:55 绿地称，绿地山水城项目出现资金偿还问题。绿地山水城项目抵押资产价值完全可覆盖相应融资额。
sending news
OO
sent
11:43 【酷派主要附属遭浦发行追讨9000万元款项 第三宗技术性违约】贾跃亭控制的酷派集团周一晚公告称，主要附属公司遭到浦发银行深圳分行民事追讨约8997万元人民币承兑汇票款项。原告指出，尽管涉及的两张银行承兑汇票均于2018年1月中到期，经其调查发现，借款人、第一及第二担保人涉及多宗诉讼案件，且重要资产被法院查封冻结，上述情况已经构成借款人、第一及第二担保人对原告的违约。酷派表示，该承兑汇票目前尚未到期，因此公司已联络中国律师正积极收集证据，以对民事起诉状作出抗辩。
sending news
OO
sent
old news, break.
old news, break.
old news, break.
old news, break.
old news, break.
old news, break.
old news, break.
old news, break.
old news, break.
old news, break.
old news, break.
old news, break.
old news, break.
old news, break.
old news, break.
old news, break.
old news, break.
old news, break.
old news, break.
old news, break.
old news, break.
old news, break.
old news, break.
old news, break.
old news, break.
old news, break.
old news, break.
old news, break.
old news, break.
old news, break.
old news, break.
old news, break.
old news, break.
old news, break.
old news, break.
old news, break.
old news, break.
old news, break.
old news, break.
old news, break.
old news, break.
old news, break.
old news, break.
old news, break.
old news, break.
old news, break.
old news, break.
old news, break.
old news, break.
old news, break.
old news, break.
old news, break.
old news, break.
old news, break.
old news, break.
old news, break.
old news, break.
old news, break.
old news, break.
old news, break.
old news, break.
old news, break.
old news, break.
old news, break.
old news, break.
old news, break.
old news, break.
old news, break.
old news, break.
old news, break.
old news, break.
old news, break.
old news, break.
old news, break.
old news, break.
old news, break.
old news, break.
old news, break.
old news, break.
old news, break.
old news, break.
old news, break.
old news, break.
old news, break.
old news, break.
old news, break.
old news, break.
old news, break.
old news, break.
old news, break.
old news, break.
old news, break.
old news, break.
old news, break.
old news, break.
old news, break.
old news, break.
old news, break.
old news, break.
old news, break.
old news, break.
old news, break.
old news, break.
old news, break.
old news, break.
old news, break.
old news, break.
old news, break.
old news, break.
old news, break.
old news, break.
old news, break.
old news, break.
old news, break.
old news, break.
old news, break.
old news, break.
old news, break.
old news, break.
old news, break.
old news, break.
old news, break.
old news, break.
old news, break.
old news, break.
old news, break.
old news, break.
old news, break.
old news, break.
old news, break.
old news, break.
old news, break.
old news, break.
old news, break.
old news, break.
old news, break.
old news, break.
old news, break.
old news, break.
old news, break.
old news, break.
old news, break.
old news, break.
old news, break.
old news, break.
old news, break.
old news, break.
old news, break.
old news, break.
old news, break.
old news, break.
old news, break.
old news, break.
old news, break.
old news, break.
old news, break.
old news, break.
old news, break.
old news, break.
old news, break.
old news, break.
old news, break.
old news, break.
old news, break.
old news, break.
old news, break.
old news, break.
old news, break.
old news, break.
old news, break.
old news, break.
old news, break.
old news, break.
old news, break.
old news, break.
old news, break.
old news, break.
old news, break.
old news, break.
old news, break.
old news, break.
old news, break.
old news, break.
old news, break.
old news, break.
old news, break.
old news, break.
old news, break.
old news, break.
old news, break.
old news, break.
old news, break.
old news, break.
old news, break.
old news, break.
old news, break.
old news, break.
old news, break.
old news, break.
old news, break.
old news, break.
old news, break.
old news, break.
old news, break.
old news, break.
old news, break.
old news, break.
14:26 【徐明：投服中心将进一步加大参与上市公司治理力度】2017上市公司价值投资·中国资产管理高峰论坛22日在杭州举行，中证中小投资者服务中心总经理徐明表示，投服中心已经全面持有上市公司，采取各种形式参与到公司治理，有效保护中小投资人的合法权益。下一步投服中心将进一步加大参与上市公司治理力度，积极推动持股行权的广度和深度，探索新的模式，对上市公司治理当中普遍存在的问题，进行专项行权，积极探索通过公开征集方式行使提案等权利。
sending news
OO
sent
old news, break.
old news, break.
old news, break.
old news, break.
old news, break.
old news, break.
old news, break.
old news, break.
old news, break.
old news, break.
old news, break.
old news, break.
old news, break.
old news, break.
old news, break.
old news, break.
old news, break.
old news, break.
old news, break.
old news, break.
old news, break.
old news, break.
old news, break.
old news, break.
old news, break.
old news, break.
old news, break.
old news, break.
old news, break.
old news, break.
old news, break.
old news, break.
old news, break.
old news, break.
old news, break.
old news, break.
old news, break.
old news, break.
old news, break.
old news, break.
old news, break.
old news, break.
old news, break.
old news, break.
old news, break.
old news, break.
old news, break.
old news, break.
old news, break.
old news, break.
old news, break.
old news, break.
old news, break.
old news, break.
old news, break.
old news, break.
old news, break.
old news, break.
old news, break.
old news, break.
old news, break.
old news, break.
old news, break.
old news, break.
old news, break.
old news, break.
old news, break.
old news, break.
old news, break.
old news, break.
old news, break.
old news, break.
old news, break.
old news, break.
old news, break.
old news, break.
old news, break.
old news, break.
old news, break.
old news, break.
old news, break.
old news, break.
old news, break.
old news, break.
old news, break.
old news, break.
old news, break.
old news, break.
old news, break.
old news, break.
old news, break.
old news, break.
old news, break.
old news, break.
old news, break.
old news, break.
old news, break.
old news, break.
old news, break.
old news, break.
old news, break.
old news, break.
old news, break.
old news, break.
old news, break.
old news, break.
old news, break.
old news, break.
old news, break.
old news, break.
old news, break.
old news, break.
old news, break.
old news, break.
old news, break.
old news, break.
old news, break.
old news, break.
old news, break.
old news, break.
old news, break.
old news, break.
old news, break.
old news, break.
old news, break.
old news, break.
old news, break.
old news, break.
old news, break.
old news, break.
old news, break.
old news, break.
old news, break.
old news, break.
old news, break.
old news, break.
old news, break.
old news, break.
old news, break.
old news, break.
old news, break.
old news, break.
old news, break.
old news, break.
old news, break.
old news, break.
old news, break.
old news, break.
old news, break.
old news, break.
old news, break.
old news, break.
old news, break.
old news, break.
old news, break.
old news, break.
old news, break.
old news, break.
old news, break.
old news, break.
old news, break.
old news, break.
old news, break.
old news, break.
old news, break.
old news, break.
old news, break.
old news, break.
old news, break.
old news, break.
old news, break.
old news, break.
old news, break.
old news, break.
old news, break.
old news, break.
old news, break.
old news, break.
old news, break.
old news, break.
old news, break.
old news, break.
old news, break.
old news, break.
old news, break.
old news, break.
old news, break.
old news, break.
old news, break.
old news, break.
old news, break.
old news, break.
old news, break.
old news, break.
old news, break.
old news, break.
old news, break.
old news, break.
old news, break.
old news, break.
old news, break.
old news, break.
old news, break.
old news, break.
old news, break.
old news, break.
old news, break.
old news, break.
old news, break.
old news, break.
old news, break.
old news, break.
old news, break.
old news, break.
old news, break.
old news, break.
old news, break.
old news, break.
old news, break.
old news, break.
old news, break.
old news, break.
old news, break.
old news, break.
old news, break.
old news, break.
old news, break.
old news, break.
old news, break.
old news, break.
old news, break.
old news, break.
old news, break.
old news, break.
old news, break.
old news, break.
old news, break.
old news, break.
old news, break.
old news, break.
old news, break.
old news, break.
old news, break.
old news, break.
old news, break.
old news, break.
old news, break.
old news, break.
old news, break.
old news, break.
old news, break.
old news, break.
old news, break.
old news, break.
old news, break.
old news, break.
old news, break.
old news, break.
old news, break.
old news, break.
old news, break.
old news, break.
old news, break.
old news, break.
old news, break.
old news, break.
old news, break.
old news, break.
old news, break.
old news, break.
old news, break.
old news, break.
old news, break.
old news, break.
old news, break.
old news, break.
old news, break.
old news, break.
old news, break.
old news, break.
old news, break.
old news, break.
old news, break.
old news, break.
old news, break.
old news, break.
old news, break.
old news, break.
old news, break.
old news, break.
old news, break.
old news, break.
old news, break.
old news, break.
old news, break.
old news, break.
old news, break.
old news, break.
old news, break.
old news, break.
old news, break.
old news, break.
old news, break.
old news, break.
old news, break.
old news, break.
old news, break.
old news, break.
old news, break.
old news, break.
old news, break.
old news, break.
old news, break.
old news, break.
old news, break.
old news, break.
old news, break.
old news, break.
old news, break.
old news, break.
old news, break.
old news, break.
old news, break.
old news, break.
old news, break.
old news, break.
old news, break.
old news, break.
old news, break.
old news, break.
old news, break.
old news, break.
old news, break.
old news, break.
old news, break.
old news, break.
old news, break.
old news, break.
old news, break.
old news, break.
old news, break.
old news, break.
old news, break.
old news, break.
old news, break.
old news, break.
old news, break.
old news, break.
old news, break.
old news, break.
old news, break.
old news, break.
old news, break.
old news, break.
old news, break.
old news, break.
old news, break.
old news, break.
old news, break.
old news, break.
old news, break.
old news, break.
old news, break.
old news, break.
old news, break.
old news, break.
old news, break.
old news, break.
14:32 韩国首尔综指收盘上涨0.45%。
sending news
OO
sent
old news, break.
old news, break.
old news, break.
old news, break.
old news, break.
old news, break.
